This is pdfTeX, Version 3.141592653-2.6-1.40.25 (TeX Live 2023) (preloaded format=pdflatex 2023.10.7)  12 NOV 2023 16:56
entering extended mode
 restricted \write18 enabled.
 file:line:error style messages enabled.
 %&-line parsing enabled.
**"d:/AGH/narzedzia informatyczne/hot_water_bottle-latex/hot water bottle.tex"
(d:/AGH/narzedzia informatyczne/hot_water_bottle-latex/hot water bottle.tex
LaTeX2e <2023-06-01> patch level 1
L3 programming layer <2023-08-29>
(d:/texlive/2023/texmf-dist/tex/latex/base/article.cls
Document Class: article 2023/05/17 v1.4n Standard LaTeX document class
(d:/texlive/2023/texmf-dist/tex/latex/base/size10.clo
File: size10.clo 2023/05/17 v1.4n Standard LaTeX file (size option)
)
\c@part=\count185
\c@section=\count186
\c@subsection=\count187
\c@subsubsection=\count188
\c@paragraph=\count189
\c@subparagraph=\count190
\c@figure=\count191
\c@table=\count192
\abovecaptionskip=\skip48
\belowcaptionskip=\skip49
\bibindent=\dimen140
) (d:/texlive/2023/texmf-dist/tex/latex/graphics/graphicx.sty
Package: graphicx 2021/09/16 v1.2d Enhanced LaTeX Graphics (DPC,SPQR)
 (d:/texlive/2023/texmf-dist/tex/latex/graphics/keyval.sty
Package: keyval 2022/05/29 v1.15 key=value parser (DPC)
\KV@toks@=\toks17
) (d:/texlive/2023/texmf-dist/tex/latex/graphics/graphics.sty
Package: graphics 2022/03/10 v1.4e Standard LaTeX Graphics (DPC,SPQR)
 (d:/texlive/2023/texmf-dist/tex/latex/graphics/trig.sty
Package: trig 2021/08/11 v1.11 sin cos tan (DPC)
) (d:/texlive/2023/texmf-dist/tex/latex/graphics-cfg/graphics.cfg
File: graphics.cfg 2016/06/04 v1.11 sample graphics configuration
)
Package graphics Info: Driver file: pdftex.def on input line 107.
 (d:/texlive/2023/texmf-dist/tex/latex/graphics-def/pdftex.def
File: pdftex.def 2022/09/22 v1.2b Graphics/color driver for pdftex
))
\Gin@req@height=\dimen141
\Gin@req@width=\dimen142
) (d:/texlive/2023/texmf-dist/tex/latex/base/fontenc.sty
Package: fontenc 2021/04/29 v2.0v Standard LaTeX package
) (d:/texlive/2023/texmf-dist/tex/latex/base/inputenc.sty
Package: inputenc 2021/02/14 v1.3d Input encoding file
\inpenc@prehook=\toks18
\inpenc@posthook=\toks19
) (d:/texlive/2023/texmf-dist/tex/latex/mathtools/mathtools.sty
Package: mathtools 2022/06/29 v1.29 mathematical typesetting tools
 (d:/texlive/2023/texmf-dist/tex/latex/tools/calc.sty
Package: calc 2017/05/25 v4.3 Infix arithmetic (KKT,FJ)
\calc@Acount=\count193
\calc@Bcount=\count194
\calc@Adimen=\dimen143
\calc@Bdimen=\dimen144
\calc@Askip=\skip50
\calc@Bskip=\skip51
LaTeX Info: Redefining \setlength on input line 80.
LaTeX Info: Redefining \addtolength on input line 81.
\calc@Ccount=\count195
\calc@Cskip=\skip52
) (d:/texlive/2023/texmf-dist/tex/latex/mathtools/mhsetup.sty
Package: mhsetup 2021/03/18 v1.4 programming setup (MH)
) (d:/texlive/2023/texmf-dist/tex/latex/amsmath/amsmath.sty
Package: amsmath 2023/05/13 v2.17o AMS math features
\@mathmargin=\skip53

For additional information on amsmath, use the `?' option.
(d:/texlive/2023/texmf-dist/tex/latex/amsmath/amstext.sty
Package: amstext 2021/08/26 v2.01 AMS text
 (d:/texlive/2023/texmf-dist/tex/latex/amsmath/amsgen.sty
File: amsgen.sty 1999/11/30 v2.0 generic functions
\@emptytoks=\toks20
\ex@=\dimen145
)) (d:/texlive/2023/texmf-dist/tex/latex/amsmath/amsbsy.sty
Package: amsbsy 1999/11/29 v1.2d Bold Symbols
\pmbraise@=\dimen146
) (d:/texlive/2023/texmf-dist/tex/latex/amsmath/amsopn.sty
Package: amsopn 2022/04/08 v2.04 operator names
)
\inf@bad=\count196
LaTeX Info: Redefining \frac on input line 234.
\uproot@=\count197
\leftroot@=\count198
LaTeX Info: Redefining \overline on input line 399.
LaTeX Info: Redefining \colon on input line 410.
\classnum@=\count199
\DOTSCASE@=\count266
LaTeX Info: Redefining \ldots on input line 496.
LaTeX Info: Redefining \dots on input line 499.
LaTeX Info: Redefining \cdots on input line 620.
\Mathstrutbox@=\box51
\strutbox@=\box52
LaTeX Info: Redefining \big on input line 722.
LaTeX Info: Redefining \Big on input line 723.
LaTeX Info: Redefining \bigg on input line 724.
LaTeX Info: Redefining \Bigg on input line 725.
\big@size=\dimen147
LaTeX Font Info:    Redeclaring font encoding OML on input line 743.
LaTeX Font Info:    Redeclaring font encoding OMS on input line 744.
\macc@depth=\count267
LaTeX Info: Redefining \bmod on input line 905.
LaTeX Info: Redefining \pmod on input line 910.
LaTeX Info: Redefining \smash on input line 940.
LaTeX Info: Redefining \relbar on input line 970.
LaTeX Info: Redefining \Relbar on input line 971.
\c@MaxMatrixCols=\count268
\dotsspace@=\muskip16
\c@parentequation=\count269
\dspbrk@lvl=\count270
\tag@help=\toks21
\row@=\count271
\column@=\count272
\maxfields@=\count273
\andhelp@=\toks22
\eqnshift@=\dimen148
\alignsep@=\dimen149
\tagshift@=\dimen150
\tagwidth@=\dimen151
\totwidth@=\dimen152
\lineht@=\dimen153
\@envbody=\toks23
\multlinegap=\skip54
\multlinetaggap=\skip55
\mathdisplay@stack=\toks24
LaTeX Info: Redefining \[ on input line 2953.
LaTeX Info: Redefining \] on input line 2954.
)
\g_MT_multlinerow_int=\count274
\l_MT_multwidth_dim=\dimen154
\origjot=\skip56
\l_MT_shortvdotswithinadjustabove_dim=\dimen155
\l_MT_shortvdotswithinadjustbelow_dim=\dimen156
\l_MT_above_intertext_sep=\dimen157
\l_MT_below_intertext_sep=\dimen158
\l_MT_above_shortintertext_sep=\dimen159
\l_MT_below_shortintertext_sep=\dimen160
\xmathstrut@box=\box53
\xmathstrut@dim=\dimen161
) (d:/texlive/2023/texmf-dist/tex/latex/preprint/authblk.sty
Package: authblk 2001/02/27 1.3 (PWD)
\affilsep=\skip57
\@affilsep=\skip58
\c@Maxaffil=\count275
\c@authors=\count276
\c@affil=\count277
) (d:/texlive/2023/texmf-dist/tex/generic/babel/babel.sty
Package: babel 2023/09/29 v3.95 The Babel package
\babel@savecnt=\count278
\U@D=\dimen162
\l@unhyphenated=\language89
 (d:/texlive/2023/texmf-dist/tex/generic/babel/txtbabel.def)
\bbl@readstream=\read2
\bbl@dirlevel=\count279
 (d:/texlive/2023/texmf-dist/tex/generic/babel-polish/polish.ldf
Language: polish 2022/03/12 1.3 Babel support for Polish
Package babel Info: Making " an active character on input line 101.
)) (d:/texlive/2023/texmf-dist/tex/generic/babel/locale/pl/babel-polish.tex
Package babel Info: Importing font and identification data for polish
(babel)             from babel-pl.ini. Reported on input line 11.
) (d:/texlive/2023/texmf-dist/tex/latex/graphics/rotating.sty
Package: rotating 2016/08/11 v2.16d rotated objects in LaTeX
 (d:/texlive/2023/texmf-dist/tex/latex/base/ifthen.sty
Package: ifthen 2022/04/13 v1.1d Standard LaTeX ifthen package (DPC)
)
\c@r@tfl@t=\count280
\rotFPtop=\skip59
\rotFPbot=\skip60
\rot@float@box=\box54
\rot@mess@toks=\toks25
) (d:/texlive/2023/texmf-dist/tex/latex/l3backend/l3backend-pdftex.def
File: l3backend-pdftex.def 2023-04-19 L3 backend support: PDF output (pdfTeX)
\l__color_backend_stack_int=\count281
\l__pdf_internal_box=\box55
) (./hot water bottle.aux)
\openout1 = `"hot water bottle.aux"'.

LaTeX Font Info:    Checking defaults for OML/cmm/m/it on input line 11.
LaTeX Font Info:    ... okay on input line 11.
LaTeX Font Info:    Checking defaults for OMS/cmsy/m/n on input line 11.
LaTeX Font Info:    ... okay on input line 11.
LaTeX Font Info:    Checking defaults for OT1/cmr/m/n on input line 11.
LaTeX Font Info:    ... okay on input line 11.
LaTeX Font Info:    Checking defaults for T1/cmr/m/n on input line 11.
LaTeX Font Info:    ... okay on input line 11.
LaTeX Font Info:    Checking defaults for TS1/cmr/m/n on input line 11.
LaTeX Font Info:    ... okay on input line 11.
LaTeX Font Info:    Checking defaults for OMX/cmex/m/n on input line 11.
LaTeX Font Info:    ... okay on input line 11.
LaTeX Font Info:    Checking defaults for U/cmr/m/n on input line 11.
LaTeX Font Info:    ... okay on input line 11.
 (d:/texlive/2023/texmf-dist/tex/context/base/mkii/supp-pdf.mkii
[Loading MPS to PDF converter (version 2006.09.02).]
\scratchcounter=\count282
\scratchdimen=\dimen163
\scratchbox=\box56
\nofMPsegments=\count283
\nofMParguments=\count284
\everyMPshowfont=\toks26
\MPscratchCnt=\count285
\MPscratchDim=\dimen164
\MPnumerator=\count286
\makeMPintoPDFobject=\count287
\everyMPtoPDFconversion=\toks27
) (d:/texlive/2023/texmf-dist/tex/latex/epstopdf-pkg/epstopdf-base.sty
Package: epstopdf-base 2020-01-24 v2.11 Base part for package epstopdf
Package epstopdf-base Info: Redefining graphics rule for `.eps' on input line 485.
 (d:/texlive/2023/texmf-dist/tex/latex/latexconfig/epstopdf-sys.cfg
File: epstopdf-sys.cfg 2010/07/13 v1.3 Configuration of (r)epstopdf for TeX Live
)) [1

{d:/texlive/2023/texmf-var/fonts/map/pdftex/updmap/pdftex.map}{d:/texlive/2023/texmf-dist/fonts/enc/dvips/cm-super/cm-super-t1.enc}{d:/texlive/2023/texmf-dist/fonts/enc/dvips/cm-super/cm-super-ts1.enc}] (./chapters/Sofiia_Knyshoyid.tex
<pictures/winter_img.jpg, id=11, 1927.2pt x 1204.5pt>
File: pictures/winter_img.jpg Graphic file (type jpg)
<use pictures/winter_img.jpg>
Package pdftex.def Info: pictures/winter_img.jpg  used on input line 8.
(pdftex.def)             Requested size: 345.0pt x 215.62437pt.


LaTeX Warning: Reference `sec:Sofiia_knyshoyid' on page 2 undefined on input line 13.


LaTeX Warning: Reference `sec:Sofiia_knyshoyid' on page 2 undefined on input line 13.

(./tables/table_1.tex) [2 <./pictures/winter_img.jpg>]

LaTeX Warning: Reference `My table' on page 3 undefined on input line 35.


LaTeX Warning: Reference `My table' on page 3 undefined on input line 35.


LaTeX Warning: Reference `fig:winter' on page 3 undefined on input line 37.


LaTeX Warning: Reference `fig:winter' on page 3 undefined on input line 37.

) [3] (./chapters/Anton_Perakhod.tex

LaTeX Warning: Reference `fig:google_logo' on page 4 undefined on input line 7.


LaTeX Warning: Reference `fig:google_logo' on page 4 undefined on input line 7.

<pictures/google_logo.jpg, id=31, 519.44063pt x 292.09125pt>
File: pictures/google_logo.jpg Graphic file (type jpg)
<use pictures/google_logo.jpg>
Package pdftex.def Info: pictures/google_logo.jpg  used on input line 10.
(pdftex.def)             Requested size: 276.00105pt x 155.19981pt.
(./tables/table_A.tex) [4 <./pictures/google_logo.jpg>]

LaTeX Warning: Reference `fig:google_logo' on page 5 undefined on input line 35.


LaTeX Warning: Reference `fig:google_logo' on page 5 undefined on input line 35.

) [5] (./chapters/Margarita_Kitaeva.tex

LaTeX Warning: Reference `fig:concert' on page 6 undefined on input line 5.


LaTeX Warning: Reference `fig:concert' on page 6 undefined on input line 5.

<pictures/concert.JPG, id=38, 343.99382pt x 515.2794pt>
File: pictures/concert.JPG Graphic file (type jpg)
<use pictures/concert.JPG>
Package pdftex.def Info: pictures/concert.JPG  used on input line 9.
(pdftex.def)             Requested size: 172.5pt x 258.39386pt.

LaTeX Warning: Reference `sec:Margarita Kitaeva' on page 6 undefined on input line 14.


LaTeX Warning: Reference `sec:Margarita Kitaeva' on page 6 undefined on input line 14.

(./tables/table_Margarita.tex) [6 <./pictures/concert.JPG>]

LaTeX Warning: Reference `fig:concert' on page 7 undefined on input line 69.


LaTeX Warning: Reference `fig:concert' on page 7 undefined on input line 69.

) [7] (./chapters/Pavel_Kapitsa.tex

LaTeX Warning: Reference `fig:time' on page 8 undefined on input line 4.


LaTeX Warning: Reference `fig:time' on page 8 undefined on input line 4.

<pictures/adventure-time.jpg, id=48, 1027.84pt x 578.16pt>
File: pictures/adventure-time.jpg Graphic file (type jpg)
<use pictures/adventure-time.jpg>
Package pdftex.def Info: pictures/adventure-time.jpg  used on input line 8.
(pdftex.def)             Requested size: 345.0pt x 194.06635pt.

LaTeX Warning: Reference `sec:Pavel Kapitsa' on page 8 undefined on input line 12.


LaTeX Warning: Reference `sec:Pavel Kapitsa' on page 8 undefined on input line 12.

(./tables/table_4.tex) [8 <./pictures/adventure-time.jpg>]

LaTeX Warning: Reference `fig:time' on page 9 undefined on input line 42.


LaTeX Warning: Reference `fig:time' on page 9 undefined on input line 42.


LaTeX Warning: Reference `fig:time' on page 9 undefined on input line 44.


LaTeX Warning: Reference `fig:time' on page 9 undefined on input line 44.

[9]) [10] (./chapters/Maksim_Dziatkou.tex
<pictures/drive.png, id=60, 1284.8pt x 546.04pt>
File: pictures/drive.png Graphic file (type png)
<use pictures/drive.png>
Package pdftex.def Info: pictures/drive.png  used on input line 6.
(pdftex.def)             Requested size: 220.8258pt x 93.85039pt.


LaTeX Warning: Reference `sec:Maksim Dziaktou' on page 11 undefined on input line 16.


LaTeX Warning: Reference `sec:Maksim Dziaktou' on page 11 undefined on input line 16.

(./tables/table_Maksim.tex) [11 <./pictures/drive.png>]) [12] (./chapters/Juliusz_Kocinski.tex
\c@uwaga=\count288
\c@lemma=\count289
\c@deff=\count290

./chapters/Juliusz_Kocinski.tex:19: Misplaced \noalign.
\hline ->\noalign 
                  {\ifnum 0=`}\fi \hrule \@height \arrayrulewidth \futurelet...
l.19 \hline
           
I expect to see \noalign only after the \cr of
an alignment. Proceed, and I'll ignore this case.

./chapters/Juliusz_Kocinski.tex:27: Undefined control sequence.
l.27 $A_d = \{d_i | i \in \mathbb
                                 {N}, d_i \in D,  d_i$ is a dependency of $d...
The control sequence at the end of the top line
of your error message was never \def'ed. If you have
misspelled it (e.g., `\hobx'), type `I' and the correct
spelling (e.g., `I\hbox'). Otherwise just continue,
and I'll forget about whatever was undefined.

./chapters/Juliusz_Kocinski.tex:48: Missing $ inserted.
<inserted text> 
                $
l.48           R(d) & \leftarrow
                                 |A_d| = 0 \\
I've inserted a begin-math/end-math symbol since I think
you left one out. Proceed, with fingers crossed.

./chapters/Juliusz_Kocinski.tex:48: Missing $ inserted.
<inserted text> 
                $
l.48           R(d) & \leftarrow |A_d| = 0 \\
                                             
I've inserted a begin-math/end-math symbol since I think
you left one out. Proceed, with fingers crossed.

./chapters/Juliusz_Kocinski.tex:49: Missing $ inserted.
<inserted text> 
                $
l.49 ...}, ... , \frac{G(d_n)}{x} )   & \leftarrow
                                                   |A_d| = n \neq 0
I've inserted a begin-math/end-math symbol since I think
you left one out. Proceed, with fingers crossed.

./chapters/Juliusz_Kocinski.tex:50: Missing $ inserted.
<inserted text> 
                $
l.50         \end{cases*}
                         
I've inserted a begin-math/end-math symbol since I think
you left one out. Proceed, with fingers crossed.


Overfull \hbox (20.73743pt too wide) in paragraph at lines 42--52
[]$\OML/cmm/m/it/10 G\OT1/cmr/m/n/10 (\OML/cmm/m/it/10 d\OT1/cmr/m/n/10 ) := \OML/cmm/m/it/10 min\OT1/cmr/m/n/10 ([]\OML/cmm/m/it/10 ; []; []; :::; []; []; :::; []; :::\OT1/cmr/m/n/10 )[] 
 []

[13]
./chapters/Juliusz_Kocinski.tex:69: Misplaced \noalign.
\hline ->\noalign 
                  {\ifnum 0=`}\fi \hrule \@height \arrayrulewidth \futurelet...
l.69 \hline
           
I expect to see \noalign only after the \cr of
an alignment. Proceed, and I'll ignore this case.


LaTeX Warning: Reference `fig:budA' on page 14 undefined on input line 74.

<pictures/budynekA.drawio.png, id=79, 2250.4075pt x 1517.67pt>
File: pictures/budynekA.drawio.png Graphic file (type png)
<use pictures/budynekA.drawio.png>
Package pdftex.def Info: pictures/budynekA.drawio.png  used on input line 85.
(pdftex.def)             Requested size: 549.9983pt x 370.91768pt.

LaTeX Warning: `!h' float specifier changed to `!ht'.

(./tables/network_address_table.tex)) [14] [15 <./pictures/budynekA.drawio.png>] (./hot water bottle.aux)
 ***********
LaTeX2e <2023-06-01> patch level 1
L3 programming layer <2023-08-29>
 ***********


LaTeX Warning: There were undefined references.


LaTeX Warning: Label(s) may have changed. Rerun to get cross-references right.

 ) 
Here is how much of TeX's memory you used:
 4462 strings out of 474928
 73388 string characters out of 5763562
 1931785 words of memory out of 5000000
 25938 multiletter control sequences out of 15000+600000
 573873 words of font info for 67 fonts, out of 8000000 for 9000
 1141 hyphenation exceptions out of 8191
 70i,10n,79p,794b,385s stack positions out of 10000i,1000n,20000p,200000b,200000s
<d:/texlive/2023/texmf-dist/fonts/type1/public/amsfonts/cm/cmex10.pfb><d:/texlive/2023/texmf-dist/fonts/type1/public/amsfonts/cmextra/cmex7.pfb><d:/texlive/2023/texmf-dist/fonts/type1/public/amsfonts/cm/cmmi10.pfb><d:/texlive/2023/texmf-dist/fonts/type1/public/amsfonts/cm/cmmi12.pfb><d:/texlive/2023/texmf-dist/fonts/type1/public/amsfonts/cm/cmmi5.pfb><d:/texlive/2023/texmf-dist/fonts/type1/public/amsfonts/cm/cmmi7.pfb><d:/texlive/2023/texmf-dist/fonts/type1/public/amsfonts/cm/cmr10.pfb><d:/texlive/2023/texmf-dist/fonts/type1/public/amsfonts/cm/cmr12.pfb><d:/texlive/2023/texmf-dist/fonts/type1/public/amsfonts/cm/cmr5.pfb><d:/texlive/2023/texmf-dist/fonts/type1/public/amsfonts/cm/cmr7.pfb><d:/texlive/2023/texmf-dist/fonts/type1/public/amsfonts/cm/cmsy10.pfb><d:/texlive/2023/texmf-dist/fonts/type1/public/amsfonts/cm/cmsy7.pfb><d:/texlive/2023/texmf-dist/fonts/type1/public/cm-super/sfbi1000.pfb><d:/texlive/2023/texmf-dist/fonts/type1/public/cm-super/sfbi1200.pfb><d:/texlive/2023/texmf-dist/fonts/type1/public/cm-super/sfbx0700.pfb><d:/texlive/2023/texmf-dist/fonts/type1/public/cm-super/sfbx1000.pfb><d:/texlive/2023/texmf-dist/fonts/type1/public/cm-super/sfbx1200.pfb><d:/texlive/2023/texmf-dist/fonts/type1/public/cm-super/sfbx1440.pfb><d:/texlive/2023/texmf-dist/fonts/type1/public/cm-super/sfbx2074.pfb><d:/texlive/2023/texmf-dist/fonts/type1/public/cm-super/sfrm0700.pfb><d:/texlive/2023/texmf-dist/fonts/type1/public/cm-super/sfrm1000.pfb><d:/texlive/2023/texmf-dist/fonts/type1/public/cm-super/sfrm1200.pfb><d:/texlive/2023/texmf-dist/fonts/type1/public/cm-super/sfrm1440.pfb><d:/texlive/2023/texmf-dist/fonts/type1/public/cm-super/sfrm1728.pfb><d:/texlive/2023/texmf-dist/fonts/type1/public/cm-super/sfrm2074.pfb><d:/texlive/2023/texmf-dist/fonts/type1/public/cm-super/sfti1000.pfb>
Output written on "hot water bottle.pdf" (15 pages, 5390608 bytes).
PDF statistics:
 201 PDF objects out of 1000 (max. 8388607)
 120 compressed objects within 2 object streams
 0 named destinations out of 1000 (max. 500000)
 31 words of extra memory for PDF output out of 10000 (max. 10000000)

